2023-01-02 18:48:23,486 p=308560 u=sfeeser n=ansible | [WARNING]: Could not match supplied host pattern, ignoring: ping

2023-01-02 18:48:23,487 p=308560 u=sfeeser n=ansible | [WARNING]: No hosts matched, nothing to do

2023-01-02 18:48:38,179 p=308566 u=sfeeser n=ansible | sipgate | UNREACHABLE! => {
    "changed": false,
    "msg": "Failed to connect to the host via ssh: ssh: connect to host turn.bravo.alta3.com port 22: Connection refused",
    "unreachable": true
}
2023-01-02 18:51:32,041 p=308627 u=sfeeser n=ansible | sipgate | SUCCESS => {
    "changed": false,
    "ping": "pong"
}
2023-01-02 19:00:02,426 p=308701 u=sfeeser n=ansible | PLAY [connectivity and fact gathering] *****************************************************************************************************
2023-01-02 19:00:04,096 p=308701 u=sfeeser n=ansible | TASK [Gathering Facts] *********************************************************************************************************************
2023-01-02 19:00:04,097 p=308701 u=sfeeser n=ansible | ok: [sipgate]
2023-01-02 19:00:04,147 p=308701 u=sfeeser n=ansible | [WARNING]: Could not match supplied host pattern, ignoring: turn.bravo

2023-01-02 19:00:04,148 p=308701 u=sfeeser n=ansible | PLAY [make certs & gen configs] ************************************************************************************************************
2023-01-02 19:00:04,148 p=308701 u=sfeeser n=ansible | skipping: no hosts matched
2023-01-02 19:00:04,148 p=308701 u=sfeeser n=ansible | PLAY RECAP *********************************************************************************************************************************
2023-01-02 19:00:04,149 p=308701 u=sfeeser n=ansible | sipgate                    : ok=1    changed=0    unreachable=0    failed=0    skipped=0    rescued=0    ignored=0   
2023-01-02 19:00:34,156 p=308719 u=sfeeser n=ansible | PLAY [connectivity and fact gathering] *****************************************************************************************************
2023-01-02 19:00:35,231 p=308719 u=sfeeser n=ansible | TASK [Gathering Facts] *********************************************************************************************************************
2023-01-02 19:00:35,232 p=308719 u=sfeeser n=ansible | ok: [sipgate]
2023-01-02 19:00:35,293 p=308719 u=sfeeser n=ansible | [WARNING]: Could not match supplied host pattern, ignoring: turn.bravo

2023-01-02 19:00:35,294 p=308719 u=sfeeser n=ansible | PLAY [make certs & gen configs] ************************************************************************************************************
2023-01-02 19:00:35,297 p=308719 u=sfeeser n=ansible | skipping: no hosts matched
2023-01-02 19:00:35,298 p=308719 u=sfeeser n=ansible | PLAY RECAP *********************************************************************************************************************************
2023-01-02 19:00:35,298 p=308719 u=sfeeser n=ansible | sipgate                    : ok=1    changed=0    unreachable=0    failed=0    skipped=0    rescued=0    ignored=0   
2023-01-02 19:01:05,773 p=308733 u=sfeeser n=ansible | sipgate | SUCCESS => {
    "changed": false,
    "ping": "pong"
}
2023-01-02 19:02:18,824 p=308747 u=sfeeser n=ansible | sipgate | SUCCESS => {
    "changed": false,
    "ping": "pong"
}
2023-01-02 19:02:21,562 p=308764 u=sfeeser n=ansible | PLAY [connectivity and fact gathering] *****************************************************************************************************
2023-01-02 19:02:22,644 p=308764 u=sfeeser n=ansible | TASK [Gathering Facts] *********************************************************************************************************************
2023-01-02 19:02:22,646 p=308764 u=sfeeser n=ansible | ok: [sipgate]
2023-01-02 19:02:23,623 p=308764 u=sfeeser n=ansible | TASK [timesyncd : Copy timesyncd.conf  /etc/systemd/timesyncd.conf] ************************************************************************
2023-01-02 19:02:23,623 p=308764 u=sfeeser n=ansible | ok: [sipgate]
2023-01-02 19:02:24,072 p=308764 u=sfeeser n=ansible | TASK [timesyncd : set timezone to UTC] *****************************************************************************************************
2023-01-02 19:02:24,072 p=308764 u=sfeeser n=ansible | ok: [sipgate]
2023-01-02 19:02:24,140 p=308764 u=sfeeser n=ansible | PLAY RECAP *********************************************************************************************************************************
2023-01-02 19:02:24,140 p=308764 u=sfeeser n=ansible | sipgate                    : ok=3    changed=0    unreachable=0    failed=0    skipped=0    rescued=0    ignored=0   
2023-01-02 19:05:52,648 p=308843 u=sfeeser n=ansible | [WARNING]: Could not match supplied host pattern, ignoring: ping

2023-01-02 19:05:52,648 p=308843 u=sfeeser n=ansible | [WARNING]: No hosts matched, nothing to do

2023-01-02 19:06:20,104 p=308848 u=sfeeser n=ansible | sipgate | SUCCESS => {
    "changed": false,
    "ping": "pong"
}
2023-01-02 19:06:47,535 p=308865 u=sfeeser n=ansible | PLAY [connectivity and fact gathering] ****************************************************************************************************
2023-01-02 19:06:48,627 p=308865 u=sfeeser n=ansible | TASK [Gathering Facts] ********************************************************************************************************************
2023-01-02 19:06:48,629 p=308865 u=sfeeser n=ansible | ok: [sipgate]
2023-01-02 19:06:49,663 p=308865 u=sfeeser n=ansible | TASK [timesyncd : Copy timesyncd.conf  /etc/systemd/timesyncd.conf] ***********************************************************************
2023-01-02 19:06:49,663 p=308865 u=sfeeser n=ansible | ok: [sipgate]
2023-01-02 19:06:50,135 p=308865 u=sfeeser n=ansible | TASK [timesyncd : set timezone to UTC] ****************************************************************************************************
2023-01-02 19:06:50,136 p=308865 u=sfeeser n=ansible | ok: [sipgate]
2023-01-02 19:06:50,170 p=308865 u=sfeeser n=ansible | PLAY RECAP ********************************************************************************************************************************
2023-01-02 19:06:50,171 p=308865 u=sfeeser n=ansible | sipgate                    : ok=3    changed=0    unreachable=0    failed=0    skipped=0    rescued=0    ignored=0   
